2024-08-23 16:28:42 ERROR root 12333 9 0x0000028ef9d15550   -1 :-1 -  
2024-08-23 16:32:03 ERROR root 12333 9 0x000001d069d5fec0   -1 :-1 -  
2024-08-23 16:32:03 DEBUG Qt default mainwindow debug 9 0x000001d069d5fec0 ..\..\HSAOI_Demo_0920_1\main\main.cpp int __cdecl main(int,char *[]) 45 ..\..\HSAOI_Demo_0920_1\main\main.cpp:45 - int __cdecl main(int,char *[]) 
2024-08-23 16:32:03 ERROR Qt default mainwindow critical 9 0x000001d069d5fec0 ..\..\HSAOI_Demo_0920_1\main\main.cpp int __cdecl main(int,char *[]) 46 ..\..\HSAOI_Demo_0920_1\main\main.cpp:46 - int __cdecl main(int,char *[]) 
2024-08-23 16:32:25 ERROR root 12333 9 0x0000022d2ba0d660   -1 :-1 -  
2024-08-23 16:32:25 DEBUG Qt default mainwindow debug 9 0x0000022d2ba0d660 ..\..\HSAOI_Demo_0920_1\main\main.cpp int __cdecl main(int,char *[]) 45 ..\..\HSAOI_Demo_0920_1\main\main.cpp:45 - int __cdecl main(int,char *[]) 
2024-08-23 16:32:25 ERROR Qt default mainwindow critical 9 0x0000022d2ba0d660 ..\..\HSAOI_Demo_0920_1\main\main.cpp int __cdecl main(int,char *[]) 46 ..\..\HSAOI_Demo_0920_1\main\main.cpp:46 - int __cdecl main(int,char *[]) 
2024-08-23 16:32:39 ERROR root 12333 8 0x0000026673d87140   -1 :-1 -  
2024-08-23 16:32:39 DEBUG Qt default mainwindow debug 8 0x0000026673d87140 ..\..\HSAOI_Demo_0920_1\main\main.cpp int __cdecl main(int,char *[]) 45 ..\..\HSAOI_Demo_0920_1\main\main.cpp:45 - int __cdecl main(int,char *[]) 
2024-08-23 16:32:47 ERROR Qt default mainwindow critical 7700 0x0000026673d87140 ..\..\HSAOI_Demo_0920_1\main\main.cpp int __cdecl main(int,char *[]) 46 ..\..\HSAOI_Demo_0920_1\main\main.cpp:46 - int __cdecl main(int,char *[]) 
2024-08-23 16:36:34 ERROR root 12333 10 0x000001d5294fc540   -1 :-1 -  
2024-08-23 16:36:34 DEBUG Qt default mainwindow debug 11 0x000001d5294fc540 ..\..\HSAOI_Demo_0920_1\main\main.cpp int __cdecl main(int,char *[]) 45 ..\..\HSAOI_Demo_0920_1\main\main.cpp:45 - int __cdecl main(int,char *[]) 
2024-08-23 16:36:42 ERROR root 12333 5 0x0000028de4651a20   -1 :-1 -  
2024-08-23 16:36:42 DEBUG Qt default mainwindow debug 6 0x0000028de4651a20 ..\..\HSAOI_Demo_0920_1\main\main.cpp int __cdecl main(int,char *[]) 45 ..\..\HSAOI_Demo_0920_1\main\main.cpp:45 - int __cdecl main(int,char *[]) 
2024-08-23 16:36:42 ERROR Qt default mainwindow critical 6 0x0000028de4651a20 ..\..\HSAOI_Demo_0920_1\main\main.cpp int __cdecl main(int,char *[]) 46 ..\..\HSAOI_Demo_0920_1\main\main.cpp:46 - int __cdecl main(int,char *[]) 
[2024-08-23 16:46:17][6][0x000001c29a065020][ERROR](:-1 - ): 12333 
[2024-08-23 16:46:17][6][0x000001c29a065020][DEBUG](..\..\HSAOI_Demo_0920_1\main\main.cpp:45 - int __cdecl main(int,char *[])): mainwindow debug 
[2024-08-23 16:46:17][7][0x000001c29a065020][ERROR](..\..\HSAOI_Demo_0920_1\main\main.cpp:46 - int __cdecl main(int,char *[])): mainwindow critical 
[2024-08-23 16:47:51][6][0x000001ef495d2b80][ERROR](root%:-1): 12333 
[2024-08-23 16:47:51][6][0x000001ef495d2b80][DEBUG](..\..\HSAOI_Demo_0920_1\main\main.cppQt defaultint __cdecl main(int,char *[])%:45): mainwindow debug 
[2024-08-23 16:47:51][6][0x000001ef495d2b80][ERROR](..\..\HSAOI_Demo_0920_1\main\main.cppQt defaultint __cdecl main(int,char *[])%:46): mainwindow critical 
[2024-08-23 16:54:26.SSS][%T][root][ERROR](:-1 in ): 12333 
[2024-08-23 16:54:26.SSS][%T][Qt default][DEBUG](..\..\HSAOI_Demo_0920_1\main\main.cpp:45 in int __cdecl main(int,char *[])): mainwindow debug 
[2024-08-23 16:54:26.SSS][%T][Qt default][ERROR](..\..\HSAOI_Demo_0920_1\main\main.cpp:46 in int __cdecl main(int,char *[])): mainwindow critical 
[2024-08-23 16:58:39.SSS][0x00000275c620c860][root][ERROR](:-1 in ): 12333 
[2024-08-23 16:58:39.SSS][0x00000275c620c860][Qt default][DEBUG](..\..\HSAOI_Demo_0920_1\main\main.cpp:45 in int __cdecl main(int,char *[])): mainwindow debug 
[2024-08-23 16:58:39.SSS][0x00000275c620c860][Qt default][ERROR](..\..\HSAOI_Demo_0920_1\main\main.cpp:46 in int __cdecl main(int,char *[])): mainwindow critical 
[2024-08-23 16:59:44.SSS][0x0000025feaedc590][root][ERROR](:-1 in ): 12333 
[2024-08-23 16:59:44.SSS][0x0000025feaedc590][Qt default][DEBUG](..\..\HSAOI_Demo_0920_1\main\main.cpp:45 in int __cdecl main(int,char *[])): mainwindow debug 
[2024-08-23 16:59:44.SSS][0x0000025feaedc590][Qt default][ERROR](..\..\HSAOI_Demo_0920_1\main\main.cpp:46 in int __cdecl main(int,char *[])): mainwindow critical 
[2024-08-23 16:59:44.SSS][0x0000025feaedc590][Qt default][DEBUG](..\..\HSAOI_Demo_0920_1\DataBase\database.cpp:11 in __cdecl DataBase::DataBase(void)): ("QSQLITE", "QODBC", "QODBC3", "QPSQL", "QPSQL7") 
[2024-08-23 16:59:44.SSS][0x0000025feaedc590][Qt default][DEBUG](..\..\HSAOI_Demo_0920_1\DataBase\database.cpp:29 in bool __cdecl DataBase::openDataBase(void)): å·²è¿æ¥åˆ°æ•°æ®åº“ï¼ 
[2024-08-23 16:59:44.SSS][0x0000025feaedc590][Qt default][DEBUG](..\..\HSAOI_Demo_0920_1\DataBase\database.cpp:56 in bool __cdecl DataBase::openDataBase(void)): æˆåŠŸåˆ›å»ºglass_tableæˆ–è€…å·²ç»å­˜åœ? 
[2024-08-23 16:59:44.SSS][0x0000025feaedc590][Qt default][DEBUG](..\..\HSAOI_Demo_0920_1\DataBase\database.cpp:62 in bool __cdecl DataBase::openDataBase(void)): æˆåŠŸåˆ›å»ºglass_defectæˆ–è€…å·²ç»å­˜åœ? 
[2024-08-23 16:59:44.SSS][0x0000025feaedc590][Qt default][DEBUG](..\..\HSAOI_Demo_0920_1\DataBase\database.cpp:68 in bool __cdecl DataBase::openDataBase(void)): æˆåŠŸåˆ›å»ºglass_sizeinfoæˆ–è€…å·²ç»å­˜åœ? 
[2024-08-23 17:04:27.618][0x00000236bcca7d60][ERROR][root](:-1 in ): 12333 
[2024-08-23 17:04:27.618][0x00000236bcca7d60][DEBUG][Qt default](..\..\HSAOI_Demo_0920_1\main\main.cpp:45 in int __cdecl main(int,char *[])): mainwindow debug 
[2024-08-23 17:04:27.618][0x00000236bcca7d60][ERROR][Qt default](..\..\HSAOI_Demo_0920_1\main\main.cpp:46 in int __cdecl main(int,char *[])): mainwindow critical 
[2024-08-23 17:04:27.622][0x00000236bcca7d60][DEBUG][Qt default](..\..\HSAOI_Demo_0920_1\DataBase\database.cpp:11 in __cdecl DataBase::DataBase(void)): ("QSQLITE", "QODBC", "QODBC3", "QPSQL", "QPSQL7") 
[2024-08-23 17:04:27.623][0x00000236bcca7d60][DEBUG][Qt default](..\..\HSAOI_Demo_0920_1\DataBase\database.cpp:29 in bool __cdecl DataBase::openDataBase(void)): å·²è¿æ¥åˆ°æ•°æ®åº“ï¼ 
[2024-08-23 17:04:27.623][0x00000236bcca7d60][DEBUG][Qt default](..\..\HSAOI_Demo_0920_1\DataBase\database.cpp:56 in bool __cdecl DataBase::openDataBase(void)): æˆåŠŸåˆ›å»ºglass_tableæˆ–è€…å·²ç»å­˜åœ? 
[2024-08-23 17:04:27.624][0x00000236bcca7d60][DEBUG][Qt default](..\..\HSAOI_Demo_0920_1\DataBase\database.cpp:62 in bool __cdecl DataBase::openDataBase(void)): æˆåŠŸåˆ›å»ºglass_defectæˆ–è€…å·²ç»å­˜åœ? 
[2024-08-23 17:04:27.624][0x00000236bcca7d60][DEBUG][Qt default](..\..\HSAOI_Demo_0920_1\DataBase\database.cpp:68 in bool __cdecl DataBase::openDataBase(void)): æˆåŠŸåˆ›å»ºglass_sizeinfoæˆ–è€…å·²ç»å­˜åœ? 
[2024-08-23 17:56:47.904904][0x0000027413e0fea0][ERROR][root](:-1 in ): 12333 
[2024-08-23 17:56:47.905905][0x0000027413e0fea0][DEBUG][Qt default](..\..\HSAOI_Demo_0920_1\main\main.cpp:45 in int __cdecl main(int,char *[])): mainwindow debug 
[2024-08-23 17:56:59.387387][0x0000023eea93b730][ERROR][root](:-1 in ): 12333 
[2024-08-23 17:56:59.388388][0x0000023eea93b730][DEBUG][Qt default](..\..\HSAOI_Demo_0920_1\main\main.cpp:45 in int __cdecl main(int,char *[])): mainwindow debug 
[2024-08-23 17:56:59.388388][0x0000023eea93b730][ERROR][Qt default](..\..\HSAOI_Demo_0920_1\main\main.cpp:46 in int __cdecl main(int,char *[])): mainwindow critical 
[2024-08-23 17:56:59.391391][0x0000023eea93b730][DEBUG][Qt default](..\..\HSAOI_Demo_0920_1\DataBase\database.cpp:11 in __cdecl DataBase::DataBase(void)): ("QSQLITE", "QODBC", "QODBC3", "QPSQL", "QPSQL7") 
[2024-08-23 17:56:59.392392][0x0000023eea93b730][DEBUG][Qt default](..\..\HSAOI_Demo_0920_1\DataBase\database.cpp:29 in bool __cdecl DataBase::openDataBase(void)): å·²è¿æ¥åˆ°æ•°æ®åº“ï¼ 
[2024-08-23 17:56:59.393393][0x0000023eea93b730][DEBUG][Qt default](..\..\HSAOI_Demo_0920_1\DataBase\database.cpp:56 in bool __cdecl DataBase::openDataBase(void)): æˆåŠŸåˆ›å»ºglass_tableæˆ–è€…å·²ç»å­˜åœ? 
[2024-08-23 17:56:59.393393][0x0000023eea93b730][DEBUG][Qt default](..\..\HSAOI_Demo_0920_1\DataBase\database.cpp:62 in bool __cdecl DataBase::openDataBase(void)): æˆåŠŸåˆ›å»ºglass_defectæˆ–è€…å·²ç»å­˜åœ? 
[2024-08-23 17:56:59.393393][0x0000023eea93b730][DEBUG][Qt default](..\..\HSAOI_Demo_0920_1\DataBase\database.cpp:68 in bool __cdecl DataBase::openDataBase(void)): æˆåŠŸåˆ›å»ºglass_sizeinfoæˆ–è€…å·²ç»å­˜åœ? 
[2024-08-23 17:57:34.385385385385][0x00000240aba8da20][ERROR][root](:-1 in ): 12333 
[2024-08-23 17:57:34.385385385385][0x00000240aba8da20][DEBUG][Qt default](..\..\HSAOI_Demo_0920_1\main\main.cpp:45 in int __cdecl main(int,char *[])): mainwindow debug 
[2024-08-23 17:57:34.385385385385][0x00000240aba8da20][ERROR][Qt default](..\..\HSAOI_Demo_0920_1\main\main.cpp:46 in int __cdecl main(int,char *[])): mainwindow critical 
[2024-08-23 17:57:34.389389389389][0x00000240aba8da20][DEBUG][Qt default](..\..\HSAOI_Demo_0920_1\DataBase\database.cpp:11 in __cdecl DataBase::DataBase(void)): ("QSQLITE", "QODBC", "QODBC3", "QPSQL", "QPSQL7") 
[2024-08-23 17:57:34.3903903939][0x00000240aba8da20][DEBUG][Qt default](..\..\HSAOI_Demo_0920_1\DataBase\database.cpp:29 in bool __cdecl DataBase::openDataBase(void)): å·²è¿æ¥åˆ°æ•°æ®åº“ï¼ 
[2024-08-23 17:57:34.3903903939][0x00000240aba8da20][DEBUG][Qt default](..\..\HSAOI_Demo_0920_1\DataBase\database.cpp:56 in bool __cdecl DataBase::openDataBase(void)): æˆåŠŸåˆ›å»ºglass_tableæˆ–è€…å·²ç»å­˜åœ? 
[2024-08-23 17:57:34.3903903939][0x00000240aba8da20][DEBUG][Qt default](..\..\HSAOI_Demo_0920_1\DataBase\database.cpp:62 in bool __cdecl DataBase::openDataBase(void)): æˆåŠŸåˆ›å»ºglass_defectæˆ–è€…å·²ç»å­˜åœ? 
[2024-08-23 17:57:34.3903903939][0x00000240aba8da20][DEBUG][Qt default](..\..\HSAOI_Demo_0920_1\DataBase\database.cpp:68 in bool __cdecl DataBase::openDataBase(void)): æˆåŠŸåˆ›å»ºglass_sizeinfoæˆ–è€…å·²ç»å­˜åœ? 
[2024-08-23 17:57:55.468][0x0000026c11949f80][ERROR][root](:-1 in ): 12333 
[2024-08-23 17:57:55.468][0x0000026c11949f80][DEBUG][Qt default](..\..\HSAOI_Demo_0920_1\main\main.cpp:45 in int __cdecl main(int,char *[])): mainwindow debug 
[2024-08-23 17:58:03.776][0x0000017c78247bb0][ERROR][root](:-1 in ): 12333 
[2024-08-23 17:58:03.777][0x0000017c78247bb0][DEBUG][Qt default](..\..\HSAOI_Demo_0920_1\main\main.cpp:45 in int __cdecl main(int,char *[])): mainwindow debug 
[2024-08-23 17:58:03.777][0x0000017c78247bb0][ERROR][Qt default](..\..\HSAOI_Demo_0920_1\main\main.cpp:46 in int __cdecl main(int,char *[])): mainwindow critical 
[2024-08-23 17:58:03.780][0x0000017c78247bb0][DEBUG][Qt default](..\..\HSAOI_Demo_0920_1\DataBase\database.cpp:11 in __cdecl DataBase::DataBase(void)): ("QSQLITE", "QODBC", "QODBC3", "QPSQL", "QPSQL7") 
[2024-08-23 17:58:03.781][0x0000017c78247bb0][DEBUG][Qt default](..\..\HSAOI_Demo_0920_1\DataBase\database.cpp:29 in bool __cdecl DataBase::openDataBase(void)): å·²è¿æ¥åˆ°æ•°æ®åº“ï¼ 
[2024-08-23 17:58:03.782][0x0000017c78247bb0][DEBUG][Qt default](..\..\HSAOI_Demo_0920_1\DataBase\database.cpp:56 in bool __cdecl DataBase::openDataBase(void)): æˆåŠŸåˆ›å»ºglass_tableæˆ–è€…å·²ç»å­˜åœ? 
[2024-08-23 17:58:03.782][0x0000017c78247bb0][DEBUG][Qt default](..\..\HSAOI_Demo_0920_1\DataBase\database.cpp:62 in bool __cdecl DataBase::openDataBase(void)): æˆåŠŸåˆ›å»ºglass_defectæˆ–è€…å·²ç»å­˜åœ? 
[2024-08-23 17:58:03.782][0x0000017c78247bb0][DEBUG][Qt default](..\..\HSAOI_Demo_0920_1\DataBase\database.cpp:68 in bool __cdecl DataBase::openDataBase(void)): æˆåŠŸåˆ›å»ºglass_sizeinfoæˆ–è€…å·²ç»å­˜åœ? 
[2024-08-23 17:58:32.111][0x0000021dae349a00][ERROR][root](:-1 in ): 12333 
[2024-08-23 17:58:32.111][0x0000021dae349a00][DEBUG][Qt default](..\..\HSAOI_Demo_0920_1\main\main.cpp:45 in int __cdecl main(int,char *[])): mainwindow debug 
[2024-08-23 17:58:32.111][0x0000021dae349a00][ERROR][Qt default](..\..\HSAOI_Demo_0920_1\main\main.cpp:46 in int __cdecl main(int,char *[])): mainwindow critical 
[2024-08-23 17:58:32.115][0x0000021dae349a00][DEBUG][Qt default](..\..\HSAOI_Demo_0920_1\DataBase\database.cpp:11 in __cdecl DataBase::DataBase(void)): ("QSQLITE", "QODBC", "QODBC3", "QPSQL", "QPSQL7") 
[2024-08-23 17:58:32.115][0x0000021dae349a00][DEBUG][Qt default](..\..\HSAOI_Demo_0920_1\DataBase\database.cpp:29 in bool __cdecl DataBase::openDataBase(void)): å·²è¿æ¥åˆ°æ•°æ®åº“ï¼ 
[2024-08-23 17:58:32.116][0x0000021dae349a00][DEBUG][Qt default](..\..\HSAOI_Demo_0920_1\DataBase\database.cpp:56 in bool __cdecl DataBase::openDataBase(void)): æˆåŠŸåˆ›å»ºglass_tableæˆ–è€…å·²ç»å­˜åœ? 
[2024-08-23 17:58:32.116][0x0000021dae349a00][DEBUG][Qt default](..\..\HSAOI_Demo_0920_1\DataBase\database.cpp:62 in bool __cdecl DataBase::openDataBase(void)): æˆåŠŸåˆ›å»ºglass_defectæˆ–è€…å·²ç»å­˜åœ? 
[2024-08-23 17:58:32.116][0x0000021dae349a00][DEBUG][Qt default](..\..\HSAOI_Demo_0920_1\DataBase\database.cpp:68 in bool __cdecl DataBase::openDataBase(void)): æˆåŠŸåˆ›å»ºglass_sizeinfoæˆ–è€…å·²ç»å­˜åœ? 
