23.08.2024 14:23:07.521 [0x0000014c82e8eb50] DEBUG logger  - Test.
23.08.2024 14:28:14.191 [0x0000023c2ca0e670] INFO  root  - 1233444
23.08.2024 14:28:14.191 [0x0000023c2ca0e670] INFO  root  - ################################################################
23.08.2024 14:28:14.191 [0x0000023c2ca0e670] INFO  root  - #                          START                               #
23.08.2024 14:28:14.191 [0x0000023c2ca0e670] INFO  root  - ################################################################
23.08.2024 14:28:14.192 [0x0000023c2ca0e670] INFO  root  - ################################################################
23.08.2024 14:28:14.192 [0x0000023c2ca0e670] INFO  root  - #                          STOP                                #
23.08.2024 14:28:14.192 [0x0000023c2ca0e670] INFO  root  - ################################################################
23.08.2024 16:03:11.179 [0x00000221c4aaf800] INFO  root  - 1233444
23.08.2024 16:03:11.179 [0x00000221c4aaf800] INFO  root  - ################################################################
23.08.2024 16:03:11.179 [0x00000221c4aaf800] INFO  root  - #                          START                               #
23.08.2024 16:03:11.179 [0x00000221c4aaf800] INFO  root  - ################################################################
23.08.2024 16:03:11.179 [0x00000221c4aaf800] INFO  root  - ################################################################
23.08.2024 16:03:11.179 [0x00000221c4aaf800] INFO  root  - #                          STOP                                #
23.08.2024 16:03:11.179 [0x00000221c4aaf800] INFO  root  - ################################################################
23.08.2024 16:09:43.055 [0x0000026e4ae5b2e0] INFO  root  - ################################################################
23.08.2024 16:09:43.055 [0x0000026e4ae5b2e0] INFO  root  - #                          START                               #
23.08.2024 16:09:43.055 [0x0000026e4ae5b2e0] INFO  root  - ################################################################
23.08.2024 16:09:43.056 [0x0000026e4ae5b2e0] INFO  root  - ################################################################
23.08.2024 16:09:43.056 [0x0000026e4ae5b2e0] INFO  root  - #                          STOP                                #
23.08.2024 16:09:43.056 [0x0000026e4ae5b2e0] INFO  root  - ################################################################
23.08.2024 16:11:06.641 [0x0000013a2acbcd50] INFO  root  - ################################################################
23.08.2024 16:11:06.641 [0x0000013a2acbcd50] ERROR Log4Qt::ConsoleAppender  - Use of appender 'ConsoleAppender' without a writer set (Log4Qt::ConsoleAppender::APPENDER_USE_MISSING_WRITER_ERROR, 13)
23.08.2024 16:11:06.642 [0x0000013a2acbcd50] INFO  root  - #                          START                               #
23.08.2024 16:11:06.642 [0x0000013a2acbcd50] ERROR Log4Qt::ConsoleAppender  - Use of appender 'ConsoleAppender' without a writer set (Log4Qt::ConsoleAppender::APPENDER_USE_MISSING_WRITER_ERROR, 13)
23.08.2024 16:11:06.642 [0x0000013a2acbcd50] INFO  root  - ################################################################
23.08.2024 16:11:06.642 [0x0000013a2acbcd50] ERROR Log4Qt::ConsoleAppender  - Use of appender 'ConsoleAppender' without a writer set (Log4Qt::ConsoleAppender::APPENDER_USE_MISSING_WRITER_ERROR, 13)
23.08.2024 16:11:06.642 [0x0000013a2acbcd50] INFO  root  - ################################################################
23.08.2024 16:11:06.642 [0x0000013a2acbcd50] ERROR Log4Qt::ConsoleAppender  - Use of appender 'ConsoleAppender' without a writer set (Log4Qt::ConsoleAppender::APPENDER_USE_MISSING_WRITER_ERROR, 13)
23.08.2024 16:11:06.643 [0x0000013a2acbcd50] INFO  root  - #                          STOP                                #
23.08.2024 16:11:06.643 [0x0000013a2acbcd50] ERROR Log4Qt::ConsoleAppender  - Use of appender 'ConsoleAppender' without a writer set (Log4Qt::ConsoleAppender::APPENDER_USE_MISSING_WRITER_ERROR, 13)
23.08.2024 16:11:06.643 [0x0000013a2acbcd50] INFO  root  - ################################################################
23.08.2024 16:11:06.643 [0x0000013a2acbcd50] ERROR Log4Qt::ConsoleAppender  - Use of appender 'ConsoleAppender' without a writer set (Log4Qt::ConsoleAppender::APPENDER_USE_MISSING_WRITER_ERROR, 13)
23.08.2024 16:11:25.610 [0x000001b6de77d8e0] INFO  root  - ################################################################
23.08.2024 16:11:25.610 [0x000001b6de77d8e0] ERROR Log4Qt::ConsoleAppender  - Use of appender 'ConsoleAppender' without a writer set (Log4Qt::ConsoleAppender::APPENDER_USE_MISSING_WRITER_ERROR, 13)
23.08.2024 16:11:25.610 [0x000001b6de77d8e0] INFO  root  - #                          START                               #
23.08.2024 16:11:25.610 [0x000001b6de77d8e0] ERROR Log4Qt::ConsoleAppender  - Use of appender 'ConsoleAppender' without a writer set (Log4Qt::ConsoleAppender::APPENDER_USE_MISSING_WRITER_ERROR, 13)
23.08.2024 16:11:25.610 [0x000001b6de77d8e0] INFO  root  - ################################################################
23.08.2024 16:11:25.611 [0x000001b6de77d8e0] ERROR Log4Qt::ConsoleAppender  - Use of appender 'ConsoleAppender' without a writer set (Log4Qt::ConsoleAppender::APPENDER_USE_MISSING_WRITER_ERROR, 13)
23.08.2024 16:11:25.611 [0x000001b6de77d8e0] INFO  root  - ################################################################
23.08.2024 16:11:25.611 [0x000001b6de77d8e0] ERROR Log4Qt::ConsoleAppender  - Use of appender 'ConsoleAppender' without a writer set (Log4Qt::ConsoleAppender::APPENDER_USE_MISSING_WRITER_ERROR, 13)
23.08.2024 16:11:25.611 [0x000001b6de77d8e0] INFO  root  - #                          STOP                                #
23.08.2024 16:11:25.611 [0x000001b6de77d8e0] ERROR Log4Qt::ConsoleAppender  - Use of appender 'ConsoleAppender' without a writer set (Log4Qt::ConsoleAppender::APPENDER_USE_MISSING_WRITER_ERROR, 13)
23.08.2024 16:11:25.611 [0x000001b6de77d8e0] INFO  root  - ################################################################
23.08.2024 16:11:25.612 [0x000001b6de77d8e0] ERROR Log4Qt::ConsoleAppender  - Use of appender 'ConsoleAppender' without a writer set (Log4Qt::ConsoleAppender::APPENDER_USE_MISSING_WRITER_ERROR, 13)
23.08.2024 16:12:12.614 [0x000001f9d576f3a0] INFO  root  - ################################################################
23.08.2024 16:12:12.614 [0x000001f9d576f3a0] ERROR Log4Qt::ConsoleAppender  - Use of appender 'ConsoleAppender' without a writer set (Log4Qt::ConsoleAppender::APPENDER_USE_MISSING_WRITER_ERROR, 13)
23.08.2024 16:13:06.152 [0x000001f9d576f3a0] INFO  root  - #                          START                               #
23.08.2024 16:13:06.152 [0x000001f9d576f3a0] ERROR Log4Qt::ConsoleAppender  - Use of appender 'ConsoleAppender' without a writer set (Log4Qt::ConsoleAppender::APPENDER_USE_MISSING_WRITER_ERROR, 13)
23.08.2024 16:13:07.272 [0x000001f9d576f3a0] INFO  root  - ################################################################
23.08.2024 16:13:07.273 [0x000001f9d576f3a0] ERROR Log4Qt::ConsoleAppender  - Use of appender 'ConsoleAppender' without a writer set (Log4Qt::ConsoleAppender::APPENDER_USE_MISSING_WRITER_ERROR, 13)
23.08.2024 16:13:08.111 [0x000001f9d576f3a0] INFO  root  - ################################################################
23.08.2024 16:13:08.111 [0x000001f9d576f3a0] ERROR Log4Qt::ConsoleAppender  - Use of appender 'ConsoleAppender' without a writer set (Log4Qt::ConsoleAppender::APPENDER_USE_MISSING_WRITER_ERROR, 13)
23.08.2024 16:13:08.934 [0x000001f9d576f3a0] INFO  root  - #                          STOP                                #
23.08.2024 16:13:08.935 [0x000001f9d576f3a0] ERROR Log4Qt::ConsoleAppender  - Use of appender 'ConsoleAppender' without a writer set (Log4Qt::ConsoleAppender::APPENDER_USE_MISSING_WRITER_ERROR, 13)
23.08.2024 16:13:09.624 [0x000001f9d576f3a0] INFO  root  - ################################################################
23.08.2024 16:13:09.624 [0x000001f9d576f3a0] ERROR Log4Qt::ConsoleAppender  - Use of appender 'ConsoleAppender' without a writer set (Log4Qt::ConsoleAppender::APPENDER_USE_MISSING_WRITER_ERROR, 13)
23.08.2024 16:14:39.247 [0x000001eb2ff9f6b0] INFO  root  - ################################################################
23.08.2024 16:14:39.247 [0x000001eb2ff9f6b0] ERROR Log4Qt::ConsoleAppender  - Use of appender 'ConsoleAppender' without a writer set (Log4Qt::ConsoleAppender::APPENDER_USE_MISSING_WRITER_ERROR, 13)
23.08.2024 16:14:39.247 [0x000001eb2ff9f6b0] INFO  root  - #                          START                               #
23.08.2024 16:14:39.248 [0x000001eb2ff9f6b0] ERROR Log4Qt::ConsoleAppender  - Use of appender 'ConsoleAppender' without a writer set (Log4Qt::ConsoleAppender::APPENDER_USE_MISSING_WRITER_ERROR, 13)
23.08.2024 16:14:39.248 [0x000001eb2ff9f6b0] INFO  root  - ################################################################
23.08.2024 16:14:39.248 [0x000001eb2ff9f6b0] ERROR Log4Qt::ConsoleAppender  - Use of appender 'ConsoleAppender' without a writer set (Log4Qt::ConsoleAppender::APPENDER_USE_MISSING_WRITER_ERROR, 13)
23.08.2024 16:14:39.248 [0x000001eb2ff9f6b0] INFO  root  - ################################################################
23.08.2024 16:14:39.248 [0x000001eb2ff9f6b0] ERROR Log4Qt::ConsoleAppender  - Use of appender 'ConsoleAppender' without a writer set (Log4Qt::ConsoleAppender::APPENDER_USE_MISSING_WRITER_ERROR, 13)
23.08.2024 16:14:39.248 [0x000001eb2ff9f6b0] INFO  root  - #                          STOP                                #
23.08.2024 16:14:39.249 [0x000001eb2ff9f6b0] ERROR Log4Qt::ConsoleAppender  - Use of appender 'ConsoleAppender' without a writer set (Log4Qt::ConsoleAppender::APPENDER_USE_MISSING_WRITER_ERROR, 13)
23.08.2024 16:14:39.249 [0x000001eb2ff9f6b0] INFO  root  - ################################################################
23.08.2024 16:14:39.249 [0x000001eb2ff9f6b0] ERROR Log4Qt::ConsoleAppender  - Use of appender 'ConsoleAppender' without a writer set (Log4Qt::ConsoleAppender::APPENDER_USE_MISSING_WRITER_ERROR, 13)
23.08.2024 16:14:59.433 [0x0000015bbfa9eca0] INFO  root  - ################################################################
23.08.2024 16:14:59.433 [0x0000015bbfa9eca0] ERROR Log4Qt::ConsoleAppender  - Use of appender 'ConsoleAppender' without a writer set (Log4Qt::ConsoleAppender::APPENDER_USE_MISSING_WRITER_ERROR, 13)
23.08.2024 16:14:59.433 [0x0000015bbfa9eca0] INFO  root  - #                          START                               #
23.08.2024 16:14:59.434 [0x0000015bbfa9eca0] ERROR Log4Qt::ConsoleAppender  - Use of appender 'ConsoleAppender' without a writer set (Log4Qt::ConsoleAppender::APPENDER_USE_MISSING_WRITER_ERROR, 13)
23.08.2024 16:14:59.434 [0x0000015bbfa9eca0] INFO  root  - ################################################################
23.08.2024 16:14:59.434 [0x0000015bbfa9eca0] ERROR Log4Qt::ConsoleAppender  - Use of appender 'ConsoleAppender' without a writer set (Log4Qt::ConsoleAppender::APPENDER_USE_MISSING_WRITER_ERROR, 13)
23.08.2024 16:14:59.434 [0x0000015bbfa9eca0] INFO  root  - ################################################################
23.08.2024 16:14:59.434 [0x0000015bbfa9eca0] ERROR Log4Qt::ConsoleAppender  - Use of appender 'ConsoleAppender' without a writer set (Log4Qt::ConsoleAppender::APPENDER_USE_MISSING_WRITER_ERROR, 13)
23.08.2024 16:14:59.434 [0x0000015bbfa9eca0] INFO  root  - #                          STOP                                #
23.08.2024 16:14:59.435 [0x0000015bbfa9eca0] ERROR Log4Qt::ConsoleAppender  - Use of appender 'ConsoleAppender' without a writer set (Log4Qt::ConsoleAppender::APPENDER_USE_MISSING_WRITER_ERROR, 13)
23.08.2024 16:14:59.435 [0x0000015bbfa9eca0] INFO  root  - ################################################################
23.08.2024 16:14:59.435 [0x0000015bbfa9eca0] ERROR Log4Qt::ConsoleAppender  - Use of appender 'ConsoleAppender' without a writer set (Log4Qt::ConsoleAppender::APPENDER_USE_MISSING_WRITER_ERROR, 13)
23.08.2024 16:15:10.189 [0x000002ab14b06830] INFO  root  - ################################################################
23.08.2024 16:15:10.189 [0x000002ab14b06830] ERROR Log4Qt::ConsoleAppender  - Use of appender 'ConsoleAppender' without a writer set (Log4Qt::ConsoleAppender::APPENDER_USE_MISSING_WRITER_ERROR, 13)
23.08.2024 16:15:10.189 [0x000002ab14b06830] INFO  root  - #                          START                               #
23.08.2024 16:15:10.189 [0x000002ab14b06830] ERROR Log4Qt::ConsoleAppender  - Use of appender 'ConsoleAppender' without a writer set (Log4Qt::ConsoleAppender::APPENDER_USE_MISSING_WRITER_ERROR, 13)
23.08.2024 16:15:10.189 [0x000002ab14b06830] INFO  root  - ################################################################
23.08.2024 16:15:10.190 [0x000002ab14b06830] ERROR Log4Qt::ConsoleAppender  - Use of appender 'ConsoleAppender' without a writer set (Log4Qt::ConsoleAppender::APPENDER_USE_MISSING_WRITER_ERROR, 13)
23.08.2024 16:15:10.190 [0x000002ab14b06830] INFO  root  - ################################################################
23.08.2024 16:15:10.190 [0x000002ab14b06830] ERROR Log4Qt::ConsoleAppender  - Use of appender 'ConsoleAppender' without a writer set (Log4Qt::ConsoleAppender::APPENDER_USE_MISSING_WRITER_ERROR, 13)
23.08.2024 16:15:10.190 [0x000002ab14b06830] INFO  root  - #                          STOP                                #
23.08.2024 16:15:10.190 [0x000002ab14b06830] ERROR Log4Qt::ConsoleAppender  - Use of appender 'ConsoleAppender' without a writer set (Log4Qt::ConsoleAppender::APPENDER_USE_MISSING_WRITER_ERROR, 13)
23.08.2024 16:15:10.190 [0x000002ab14b06830] INFO  root  - ################################################################
23.08.2024 16:15:10.191 [0x000002ab14b06830] ERROR Log4Qt::ConsoleAppender  - Use of appender 'ConsoleAppender' without a writer set (Log4Qt::ConsoleAppender::APPENDER_USE_MISSING_WRITER_ERROR, 13)
